[03:34:40] [main/INFO]: Loading Minecraft 1.21.4 with Fabric Loader 0.16.10
[03:34:41] [main/INFO]: Loading 49 mods:
	- fabric-api 0.115.1+1.21.4
	   |-- fabric-api-base 0.4.54+b47eab6b04
	   |-- fabric-api-lookup-api-v1 1.6.86+b1caf1e904
	   |-- fabric-biome-api-v1 15.0.6+b1c29d8e04
	   |-- fabric-block-api-v1 1.0.31+7feeb73304
	   |-- fabric-block-view-api-v2 1.0.19+7feeb73304
	   |-- fabric-blockrenderlayer-v1 2.0.8+7feeb73304
	   |-- fabric-client-tags-api-v1 1.1.29+20ea1e2304
	   |-- fabric-command-api-v1 1.2.62+f71b366f04
	   |-- fabric-command-api-v2 2.2.41+e496eb1504
	   |-- fabric-commands-v0 0.2.79+df3654b304
	   |-- fabric-content-registries-v0 9.1.17+7feeb73304
	   |-- fabric-convention-tags-v1 2.1.15+7f945d5b04
	   |-- fabric-convention-tags-v2 2.12.1+e359e31604
	   |-- fabric-crash-report-info-v1 0.3.6+7feeb73304
	   |-- fabric-data-attachment-api-v1 1.5.2+2d7e411e04
	   |-- fabric-data-generation-api-v1 22.2.9+20ea1e2304
	   |-- fabric-dimensions-v1 4.0.10+7feeb73304
	   |-- fabric-entity-events-v1 2.0.13+1934821104
	   |-- fabric-events-interaction-v0 4.0.3+a4eebcf004
	   |-- fabric-game-rule-api-v1 1.0.63+7d48d43904
	   |-- fabric-item-api-v1 11.1.17+203e6b2304
	   |-- fabric-item-group-api-v1 4.1.26+9a56a7cd04
	   |-- fabric-key-binding-api-v1 1.0.57+7d48d43904
	   |-- fabric-keybindings-v0 0.2.55+df3654b304
	   |-- fabric-lifecycle-events-v1 2.5.4+bf2a60eb04
	   |-- fabric-loot-api-v2 3.0.36+3f89f5a504
	   |-- fabric-loot-api-v3 1.0.24+203e6b2304
	   |-- fabric-message-api-v1 6.0.25+7feeb73304
	   |-- fabric-model-loading-api-v1 4.2.1+8041d50704
	   |-- fabric-networking-api-v1 4.3.10+8998135104
	   |-- fabric-object-builder-api-v1 18.0.11+7d48d43904
	   |-- fabric-particles-v1 4.0.14+7feeb73304
	   |-- fabric-recipe-api-v1 8.0.9+160b66fa04
	   |-- fabric-registry-sync-v0 6.1.7+e359e31604
	   |-- fabric-renderer-api-v1 5.0.3+50f0feb204
	   |-- fabric-renderer-indigo 2.0.3+50f0feb204
	   |-- fabric-rendering-data-attachment-v1 0.3.57+73761d2e04
	   |-- fabric-rendering-fluids-v1 3.1.19+7feeb73304
	   |-- fabric-rendering-v1 10.1.2+b874120c04
	   |-- fabric-resource-conditions-api-v1 5.0.13+203e6b2304
	   |-- fabric-resource-loader-v0 3.0.14+e359e31604
	   |-- fabric-screen-api-v1 2.0.38+7feeb73304
	   |-- fabric-screen-handler-api-v1 1.3.114+7feeb73304
	   |-- fabric-sound-api-v1 1.0.32+7feeb73304
	   |-- fabric-tag-api-v1 1.0.5+7d48d43904
	   |-- fabric-transfer-api-v1 5.4.9+efa825c904
	   \-- fabric-transitive-access-wideners-v1 6.3.2+56e78b9b04
	- fabricloader 0.16.10
	   \-- mixinextras 0.4.1
	- fallingtree 1.21.4.2
	- ferritecore 7.1.1
	- java 21
	- journeymap 1.21.4-6.0.0-beta.37
	   |-- ar_com_hjg_pngj 2.1.0
	   |-- commonnetworking 1.0.18-1.21.4
	   \-- journeymap-api-fabric 2.0.0-1.21.4-SNAPSHOT
	- lithium 0.14.7+mc1.21.4
	- minecraft 1.21.4
[03:34:45] [main/INFO]: SpongePowered MIXIN Subsystem Version=0.8.7 Source=file:/data/libraries/net/fabricmc/sponge-mixin/0.15.4+mixin.0.8.7/sponge-mixin-0.15.4+mixin.0.8.7.jar Service=Knot/Fabric Env=SERVER
[03:34:51] [main/INFO]: Compatibility level set to JAVA_21
[03:34:51] [main/WARN]: Reference map 'journeymap-refmap.json' for journeymap.mixins.json could not be read. If this is a development environment you can ignore this message
[03:34:51] [main/WARN]: Reference map 'journeymap-refmap.json' for journeymap.fabric.mixins.json could not be read. If this is a development environment you can ignore this message
[03:34:51] [main/WARN]: Mod 'ferritecore' attempted to override option 'mixin.alloc.blockstate', which doesn't exist, ignoring
[03:34:51] [main/INFO]: Loaded configuration file for Lithium: 142 options available, 1 override(s) found
[03:34:52] [main/WARN]: Error loading class: net/minecraft/class_938 (java.lang.ClassNotFoundException: net/minecraft/class_938)
[03:34:52] [main/WARN]: @Mixin target net.minecraft.class_938 was not found journeymap.mixins.json:client.SalmonRendererInvoker from mod journeymap
[03:34:52] [main/INFO]: Force-enabling mixin 'compat.transfer_api.TransferApiHelperMixin' as rule 'mixin.compat.transfer_api' (added by mods [lithium]) enables it
[03:34:52] [main/INFO]: Initializing MixinExtras via com.llamalad7.mixinextras.service.MixinExtrasServiceImpl(version=0.4.1).
[03:35:04] [main/INFO]: Initializing ServerSide Packet Registries
[03:35:04] [main/INFO]: Environment: Environment[sessionHost=https://sessionserver.mojang.com, servicesHost=https://api.minecraftservices.com, name=PROD]
[03:35:12] [main/INFO]: Loaded 1370 recipes
[03:35:12] [main/INFO]: Loaded 1481 advancements
[03:35:12] [main/INFO]: Applied 0 biome modifications to 0 of 65 new biomes in 3.791 ms
[03:35:12] [Server thread/INFO]: Starting minecraft server version 1.21.4
[03:35:12] [Server thread/INFO]: Loading properties
[03:35:12] [Server thread/INFO]: Default game type: SURVIVAL
[03:35:12] [Server thread/INFO]: Generating keypair
[03:35:12] [Server thread/INFO]: Starting Minecraft server on *:25565
[03:35:12] [Server thread/INFO]: Using epoll channel type
[03:35:13] [Server thread/WARN]: **** SERVER IS RUNNING IN OFFLINE/INSECURE MODE!
[03:35:13] [Server thread/WARN]: The server will make no attempt to authenticate usernames. Beware.
[03:35:13] [Server thread/WARN]: While this makes the game possible to play without internet access, it also opens up the ability for hackers to connect with any username they choose.
[03:35:13] [Server thread/WARN]: To change this, set "online-mode" to "true" in the server.properties file.
[03:35:13] [Server thread/INFO]: Preparing level "world"
[03:35:14] [Server thread/INFO]: Preparing start region for dimension minecraft:overworld
[03:35:14] [Worker-Main-8/INFO]: Preparing spawn area: 0%
[03:35:14] [Worker-Main-8/INFO]: Preparing spawn area: 0%
[03:35:14] [Server thread/INFO]: Time elapsed: 630 ms
[03:35:14] [Server thread/INFO]: Done (1.411s)! For help, type "help"
[03:35:14] [Server thread/INFO]: Starting remote control listener
[03:35:14] [Server thread/INFO]: Thread RCON Listener started
[03:35:14] [Server thread/INFO]: RCON running on 0.0.0.0:25575
[03:35:14] [Server thread/INFO]: Loaded null for service interface journeymap.api.services.WebMapService
[03:35:14] [Server thread/INFO]: Loaded journeymap.common.helpers.FabricClientHooks@76e8ea34 for service interface journeymap.api.services.ClientPlatformService
[03:35:14] [Server thread/INFO]: Loaded journeymap.common.helpers.FabricHooks@3005ff9a for service interface journeymap.api.services.CommonPlatformService
[03:35:36] [Server thread/INFO]: Ern8[/172.19.0.1:33707] logged in with entity id 18 at (-100.7686705684266, 63.49520087700592, -30.998766385882977)
[03:35:36] [Server thread/INFO]: Ern8 joined the game
[03:46:03] [Server thread/INFO]: Ern8 lost connection: Disconnected
[03:46:03] [Server thread/INFO]: Ern8 left the game
[03:47:03] [Server thread/INFO]: Server empty for 60 seconds, pausing
[03:47:21] [Server thread/INFO]: Ern8[/172.19.0.1:38038] logged in with entity id 2194 at (-95.69999998807907, 58.0, -67.30000001192093)
[03:47:21] [Server thread/INFO]: Ern8 joined the game
[04:35:29] [Server thread/INFO]: Ern8 lost connection: Disconnected
[04:35:29] [Server thread/INFO]: Ern8 left the game
[04:36:29] [Server thread/INFO]: Server empty for 60 seconds, pausing
[04:36:47] [Server thread/INFO]: Ern8[/172.19.0.1:57739] logged in with entity id 9566 at (-97.52098689312298, 63.0, -42.61621330470424)
[04:36:47] [Server thread/INFO]: Ern8 joined the game
[05:14:02] [Server thread/INFO]: Ern8 lost connection: Disconnected
[05:14:02] [Server thread/INFO]: Ern8 left the game
[05:15:02] [Server thread/INFO]: Server empty for 60 seconds, pausing
